<?xml version="1.0" encoding="UTF-8"?>
<!-- Generated by org.testng.reporters.JUnitReportReporter -->
<testsuite hostname="DESKTOP-J1C136O" failures="0" tests="1" name="test.TC006_ToShop" time="41.327" errors="0" timestamp="2024-06-07T23:13:38 IST" skipped="0">
  <testcase classname="test.TC006_ToShop" name="addcartshop" time="41.327"/>
</testsuite> <!-- test.TC006_ToShop -->
