<?xml version="1.0" encoding="UTF-8"?>
<!-- Generated by org.testng.reporters.JUnitReportReporter -->
<testsuite hostname="DESKTOP-J1C136O" failures="0" tests="1" name="test.TC007_Brand" time="74.880" errors="0" timestamp="2024-06-07T23:13:38 IST" skipped="0">
  <testcase classname="test.TC007_Brand" name="addbrandcart" time="74.880"/>
</testsuite> <!-- test.TC007_Brand -->
