<?xml version="1.0" encoding="UTF-8"?>
<!-- Generated by org.testng.reporters.JUnitReportReporter -->
<testsuite hostname="DESKTOP-J1C136O" failures="0" tests="1" name="test.TC004_BottomLink" time="39.666" errors="0" timestamp="2024-06-07T23:13:37 IST" skipped="0">
  <testcase classname="test.TC004_BottomLink" name="bottomlink" time="39.666"/>
</testsuite> <!-- test.TC004_BottomLink -->
